SF:config.py
DA:1,1
DA:2,1
DA:4,1
DA:5,1
DA:7,1
DA:12,1
DA:15,1
DA:17,1
DA:18,1
DA:20,1
DA:21,1
DA:22,0
DA:23,0
DA:26,1
DA:27,1
DA:30,1
DA:36,1
DA:37,1
DA:38,1
DA:39,1
DA:40,0
DA:41,0
DA:43,1
DA:44,0
DA:45,0
DA:47,1
DA:48,1
DA:49,1
DA:52,1
DA:57,1
DA:58,1
DA:59,0
DA:60,0
DA:61,0
DA:62,0
DA:63,1
DA:64,1
DA:65,0
DA:66,1
DA:67,1
DA:69,0
DA:72,1
DA:78,0
DA:79,0
DA:81,0
DA:82,0
DA:83,0
DA:87,0
DA:88,0
DA:90,0
DA:93,1
DA:98,0
DA:99,0
DA:100,0
DA:102,0
DA:105,1
DA:111,0
DA:112,0
DA:113,0
DA:114,0
DA:115,0
DA:116,0
DA:118,0
DA:119,0
DA:120,0
DA:121,0
DA:122,0
DA:123,0
DA:125,1
DA:129,0
DA:130,0
DA:131,0
DA:132,0
DA:133,0
LF:74
LH:33
FN:15,27,_init_config
FNDA:1,_init_config
FN:30,49,_get_default_path
FNDA:1,_get_default_path
FN:52,69,get_parameter
FNDA:1,get_parameter
FN:72,90,convert_to_typed_value
FNDA:0,convert_to_typed_value
FN:93,102,set_parameter
FNDA:0,set_parameter
FN:105,123,overwrite_from_args
FNDA:0,overwrite_from_args
FN:125,133,update_config_from_args
FNDA:0,update_config_from_args
FNF:7
FNH:3
end_of_record
SF:data_loader.py
DA:1,1
DA:2,1
DA:4,1
DA:5,1
DA:6,0
DA:9,1
DA:10,0
DA:11,0
DA:12,0
DA:15,1
DA:16,0
DA:17,0
DA:18,0
DA:21,1
DA:22,0
DA:23,0
DA:24,0
DA:25,0
DA:28,1
DA:29,0
DA:30,0
DA:32,0
DA:33,0
DA:34,0
DA:36,0
DA:47,0
DA:50,0
DA:53,0
DA:54,0
DA:55,0
DA:56,0
DA:57,0
DA:58,0
DA:59,0
DA:60,0
DA:61,0
DA:62,0
DA:64,0
DA:66,0
DA:68,1
DA:70,0
DA:73,0
DA:74,0
DA:75,0
DA:78,0
DA:79,0
DA:82,1
DA:83,0
DA:84,0
DA:87,0
DA:88,0
DA:89,0
DA:90,0
DA:91,0
DA:92,0
DA:93,0
LF:56
LH:10
FN:5,6,DataLoader.__init__
FNDA:0,DataLoader.__init__
FN:9,12,DataLoader.get_file_path
FNDA:0,DataLoader.get_file_path
FN:15,18,DataLoader.load_issues
FNDA:0,DataLoader.load_issues
FN:21,25,DataLoader.get_closing_event
FNDA:0,DataLoader.get_closing_event
FN:28,66,DataLoader.process_issues
FNDA:0,DataLoader.process_issues
FN:68,79,DataLoader.load_and_process_issues
FNDA:0,DataLoader.load_and_process_issues
FNF:6
FNH:0
end_of_record
SF:model.py
DA:6,1
DA:7,1
DA:8,1
DA:9,1
DA:12,1
DA:16,1
DA:17,1
DA:20,1
DA:22,1
DA:23,0
DA:24,0
DA:25,0
DA:26,0
DA:27,0
DA:29,0
DA:30,0
DA:32,1
DA:33,0
DA:34,0
DA:35,0
DA:36,0
DA:37,0
DA:38,0
DA:39,0
DA:40,0
DA:43,1
DA:45,1
DA:46,1
DA:47,1
DA:48,1
DA:49,1
DA:50,1
DA:51,1
DA:52,1
DA:53,1
DA:54,1
DA:55,1
DA:56,1
DA:57,1
DA:59,1
DA:60,1
DA:62,1
DA:63,1
DA:64,1
DA:65,1
DA:68,1
DA:69,1
DA:70,1
DA:72,0
DA:74,1
DA:75,1
DA:76,1
DA:79,1
DA:80,1
DA:81,0
DA:82,0
DA:85,1
DA:86,1
DA:88,1
DA:89,1
DA:91,1
DA:93,1
DA:94,0
DA:95,0
DA:96,0
DA:97,0
DA:98,1
LF:67
LH:45
FN:22,30,Event.__init__
FNDA:0,Event.__init__
FN:32,40,Event.from_json
FNDA:0,Event.from_json
FN:45,60,Issue.__init__
FNDA:1,Issue.__init__
FN:62,89,Issue.from_json
FNDA:1,Issue.from_json
FN:91,98,Issue._parse_date
FNDA:1,Issue._parse_date
FNF:5
FNH:3
end_of_record
SF:month_issue_analysis.py
DA:1,1
DA:2,1
DA:3,1
DA:4,1
DA:5,1
DA:7,1
DA:8,1
DA:9,1
DA:11,1
DA:16,1
DA:21,1
DA:23,1
DA:28,1
DA:29,1
DA:32,1
DA:33,1
DA:34,1
DA:37,1
DA:41,1
DA:42,1
DA:43,1
DA:45,1
DA:46,1
DA:47,0
DA:49,1
DA:50,1
DA:53,1
DA:54,1
DA:55,1
DA:56,1
DA:57,1
DA:58,1
DA:59,1
DA:60,1
DA:61,1
DA:62,1
DA:63,1
DA:64,1
DA:66,1
DA:68,1
DA:69,1
DA:70,1
DA:71,1
DA:72,1
DA:73,1
DA:74,1
DA:76,1
DA:78,0
LF:48
LH:46
FN:16,21,MonthIssueAnalysis.__init__
FNDA:1,MonthIssueAnalysis.__init__
FN:23,74,MonthIssueAnalysis.run
FNDA:1,MonthIssueAnalysis.run
FNF:2
FNH:2
end_of_record
SF:tests_month_issue_analysis.py
DA:1,1
DA:2,1
DA:3,1
DA:4,1
DA:6,1
DA:8,1
DA:9,1
DA:12,1
DA:14,1
DA:15,1
DA:16,1
DA:17,1
DA:19,1
DA:20,1
DA:23,1
DA:28,1
DA:29,1
DA:31,1
DA:32,1
DA:33,1
DA:34,1
DA:36,1
DA:37,1
DA:40,1
DA:45,1
DA:46,1
DA:48,1
DA:49,1
DA:50,1
DA:51,1
DA:53,1
DA:55,1
DA:60,1
DA:63,1
DA:64,1
DA:66,1
DA:67,1
DA:69,1
DA:70,1
DA:73,1
DA:78,1
DA:79,1
DA:81,1
DA:83,1
DA:84,1
DA:86,1
DA:87,0
LF:47
LH:46
FN:9,17,TestMonthIssueAnalysis.test_empty_issues
FNDA:1,TestMonthIssueAnalysis.test_empty_issues
FN:20,34,TestMonthIssueAnalysis.test_valid_issues
FNDA:1,TestMonthIssueAnalysis.test_valid_issues
FN:37,51,TestMonthIssueAnalysis.test_missing_closed_dates
FNDA:1,TestMonthIssueAnalysis.test_missing_closed_dates
FN:53,67,TestMonthIssueAnalysis.test_opened_closed_issue_extraction
FNDA:1,TestMonthIssueAnalysis.test_opened_closed_issue_extraction
FN:70,84,TestMonthIssueAnalysis.test_invalid_data_handling
FNDA:1,TestMonthIssueAnalysis.test_invalid_data_handling
FNF:5
FNH:5
end_of_record
